[00:02:39] 数据无需更新
[00:02:55] 登录成功[Unity]
[00:03:04] 赠送或收取失败：1800019
[00:03:07] 成功赠送20位好友友谊之星
[00:03:07] 赠送领取友谊之星 执行完毕
[00:03:07] 开始兑换道具,当前界神印记数量：274
[00:03:08] 兑换道具 红宝石*100
[00:03:09] 兑换道具 绿宝石*100
[00:03:09] 兑换道具 泰坦神石*1
[00:03:09] 六界神王殿扫荡 执行完毕
[00:03:10] SPT日常(帕诺星系) 执行完毕
[00:03:11] 忍法研习社 执行完毕
[00:04:27] 新作战实验室 执行完毕
[00:04:45] 周日常-深海巡航 执行完毕
[00:04:46] 周日常-暑假签到 执行完毕
[00:04:47] 登录成功[Flash]
[00:04:48] 各种签到+宝箱 执行完毕
[00:04:48] 刻印抽奖 执行完毕
[00:04:49] VIP礼包 执行完毕
[00:04:49] 经验战场 执行完毕
[00:04:50] 学习力战场 执行完毕
[00:04:50] 切换装备
[00:04:50] 切换精灵
[00:04:53] 勇者之塔(0)-7
[00:04:59] 勇者之塔(1)-7
[00:05:06] 勇者之塔(2)-7
[00:05:14] 勇者之塔(3)-7
[00:05:23] 勇者之塔(4)-7
[00:05:34] 勇者之塔 执行完毕
[00:05:34] 切换精灵
[00:05:39] 圣甲卡修斯-幽暗之证：已战胜836次
[00:05:45] 圣甲卡修斯-幽暗之证：已战胜837次
[00:05:51] 圣甲卡修斯-幽暗之证：已战胜838次
[00:05:58] 圣甲卡修斯-幽暗之证：已战胜839次
[00:06:04] 圣甲卡修斯-幽暗之证：已战胜840次
[00:06:04] 圣甲卡修斯第四关 执行完毕
[00:06:04] 泰坦源脉第一关已通过
[00:06:04] 切换精灵
[00:06:06] 泰坦源脉第二关开始对战
[00:06:14] 泰坦源脉4-1开始对战
[00:06:20] 泰坦源脉4-2开始对战
[00:06:26] 泰坦源脉4-3开始对战
[00:06:32] 泰坦源脉4-4开始对战
[00:06:39] 泰坦源脉4-5开始对战
[00:06:45] 泰坦源脉 执行完毕
[00:06:45] 切换精灵
[00:06:46] 泰坦矿洞对战3-1
[00:06:52] 切换精灵
[00:06:53] 泰坦矿洞对战3-2
[00:07:09] 泰坦矿洞3-3探索完毕
[00:07:09] 切换精灵
[00:07:10] 泰坦矿洞对战3-4
[00:07:16] 泰坦矿洞 执行完毕
[00:07:16] 恢复装备
[00:07:17] 全面药对战-1
[00:07:23] 全面药对战-2
[00:07:29] 全面药对战-3
[00:07:35] 全面药对战-4
[00:07:41] 全面药对战-5
[00:07:47] 全面药对战-6
[00:07:53] 全面药对战-7
[00:08:00] 全面药对战-8
[00:08:06] 全面药对战-9
[00:08:12] 全面药对战-10
[00:08:18] 全面药对战-11
[00:08:24] 全面药对战-12
[00:08:39] 全面药对战-13
[00:08:46] 全面药对战-14
[00:08:53] 全面药对战-15
[00:08:59] 全面药对战-15
[00:09:07] 每日5个全面药(圣谱) 执行完毕
[00:09:07] 切换装备
[00:09:07] 切换精灵
[00:10:53] 每日2个全面药 执行完毕
[00:10:53] 兑换战队道具。
[00:10:54] 领取战队任务奖励。
[00:10:55] 战队奖励派遣。
[00:10:58] 战队贡献+任务+兑换 执行完毕
[00:10:59] 许愿：今日已许愿1次
[00:10:59] 星愿礼盒/许愿 执行完毕
[00:11:01] 钻石任务奖励领取 执行完毕
[00:11:01] 周年珍藏馆 执行完毕
[00:11:02] 执行完毕：无敌胶囊.ysc
[00:11:02] 执行Flash自定义脚本 执行完毕
[00:11:02] 切换精灵
[00:11:03] S-诺尔玛罗：简单-1
[00:11:08] 切换精灵
[00:11:19] S-诺尔玛罗：简单-2
[00:11:24] 切换精灵
[00:11:34] S-诺尔玛罗：简单-3
[00:11:39] 切换装备
[00:11:39] 切换称号
[00:11:39] 切换精灵
[00:11:49] S-诺尔玛罗：简单-4
[00:11:54] 切换精灵
[00:12:04] S-诺尔玛罗：简单-5
[00:12:09] 切换装备
[00:12:09] 切换称号
[00:12:09] 切换精灵
[00:12:19] S-诺尔玛罗：简单-1
[00:12:25] 切换精灵
[00:12:35] S-诺尔玛罗：简单-2
[00:12:40] 切换精灵
[00:12:50] S-诺尔玛罗：简单-3
[00:12:55] 切换装备
[00:12:55] 切换称号
[00:12:55] 切换精灵
[00:13:05] S-诺尔玛罗：简单-4
[00:13:10] 切换精灵
[00:13:21] S-诺尔玛罗：简单-5
[00:13:26] 切换装备
[00:13:26] 切换称号
[00:13:26] 切换精灵
[00:13:36] S-诺尔玛罗：简单-1
[00:13:41] 切换精灵
[00:13:51] S-诺尔玛罗：简单-2
[00:13:56] 切换精灵
[00:14:06] S-诺尔玛罗：简单-3
[00:14:11] 切换装备
[00:14:11] 切换称号
[00:14:11] 切换精灵
[00:14:22] S-诺尔玛罗：简单-4
[00:14:27] 切换精灵
[00:14:37] S-诺尔玛罗：简单-5
[00:14:42] S-诺尔玛罗：今日已完成
[00:14:42]  执行完毕
[00:14:42] 切换装备
[00:14:42] 切换称号
[00:14:42] 切换精灵
[00:14:52] S-斯弗洛浦亚：简单-1
[00:14:57] 切换精灵
[00:15:07] S-斯弗洛浦亚：简单-2
[00:15:12] 切换精灵
[00:15:23] S-斯弗洛浦亚：简单-3
[00:15:28] 切换装备
[00:15:28] 切换称号
[00:15:28] 切换精灵
[00:15:38] S-斯弗洛浦亚：简单-4
[00:15:43] 切换精灵
[00:15:53] S-斯弗洛浦亚：简单-5
[00:15:58] 切换装备
[00:15:58] 切换称号
[00:15:58] 切换精灵
[00:16:08] S-斯弗洛浦亚：简单-1
[00:16:13] 切换精灵
[00:16:23] S-斯弗洛浦亚：简单-2
[00:16:28] 切换精灵
[00:16:39] S-斯弗洛浦亚：简单-3
[00:16:44] 切换装备
[00:16:44] 切换称号
[00:16:44] 切换精灵
[00:16:54] S-斯弗洛浦亚：简单-4
[00:16:59] 切换精灵
[00:17:09] S-斯弗洛浦亚：简单-5
[00:17:14] 切换装备
[00:17:14] 切换称号
[00:17:14] 切换精灵
[00:17:24] S-斯弗洛浦亚：简单-1
[00:17:29] 切换精灵
[00:17:40] S-斯弗洛浦亚：简单-2
[00:17:45] 切换精灵
[00:17:55] S-斯弗洛浦亚：简单-3
[00:18:00] 切换装备
[00:18:00] 切换称号
[00:18:00] 切换精灵
[00:18:10] S-斯弗洛浦亚：简单-4
[00:18:15] 切换精灵
[00:18:25] S-斯弗洛浦亚：简单-5
[00:18:30] S-斯弗洛浦亚：今日已完成
[00:18:30]  执行完毕
[00:18:30] 切换装备
[00:18:30] 切换称号
[00:18:31] 切换精灵
[00:18:41] S-鞘盾龙鱼：简单-1
[00:18:46] 切换精灵
[00:18:56] S-鞘盾龙鱼：简单-2
[00:19:01] 切换精灵
[00:19:11] S-鞘盾龙鱼：简单-3
[00:19:16] 切换装备
[00:19:16] 切换称号
[00:19:16] 切换精灵
[00:19:26] S-鞘盾龙鱼：简单-4
[00:19:31] 切换精灵
[00:19:42] S-鞘盾龙鱼：简单-5
[00:19:47] 切换装备
[00:19:47] 切换称号
[00:19:47] 切换精灵
[00:19:57] S-鞘盾龙鱼：简单-1
[00:20:02] 切换精灵
[00:20:12] S-鞘盾龙鱼：简单-2
[00:20:17] 切换精灵
[00:20:27] S-鞘盾龙鱼：简单-3
[00:20:32] 切换装备
[00:20:32] 切换称号
[00:20:33] 切换精灵
[00:20:43] S-鞘盾龙鱼：简单-4
[00:20:48] 切换精灵
[00:20:58] S-鞘盾龙鱼：简单-5
[00:21:03] 切换装备
[00:21:03] 切换称号
[00:21:03] 切换精灵
[00:21:13] S-鞘盾龙鱼：简单-1
[00:21:18] 切换精灵
[00:21:28] S-鞘盾龙鱼：简单-2
[00:21:33] 切换精灵
[00:21:44] S-鞘盾龙鱼：简单-3
[00:21:49] 切换装备
[00:21:49] 切换称号
[00:21:49] 切换精灵
[00:21:59] S-鞘盾龙鱼：简单-4
[00:22:04] 切换精灵
[00:22:14] S-鞘盾龙鱼：简单-5
[00:22:19] S-鞘盾龙鱼：今日已完成
[00:22:19]  执行完毕
[00:22:20] 全部执行完毕
